AndroidPlatformFactory.RegisterBuildPlatforms: UnrealBuildTool.AndroidPlatformSDK has no valid SDK
IOSPlatformFactory.RegisterBuildPlatforms: UnrealBuildTool.IOSPlatformSDK has no valid SDK
LinuxPlatformFactory.RegisterBuildPlatforms: UnrealBuildTool.LinuxPlatformSDK has no valid SDK
WindowsPlatformFactory.RegisterBuildPlatforms: UnrealBuildTool.WindowsPlatformSDK using manually installed SDK
ProjectFileGenerator.GenerateProjectFiles: Discovering modules, targets and source code for project...
WindowsPlatform.FindVSInstallDirs: Found Visual Studio installation: C:\Program Files (x86)\Microsoft Visual Studio\2019\Community (Product=Microsoft.VisualStudio.Product.Community, Version=16.4.29728.190, Sort=0)
WindowsPlatform.FindToolChainDirs: Found Visual Studio toolchain: C:\Program Files (x86)\Microsoft Visual Studio\2019\Community\VC\Tools\MSVC\14.24.28314 (Version=14.24.28316)
WindowsPlatform.EnumerateSdkRootDirs: Found Windows 10 SDK root at C:\Program Files (x86)\Windows Kits\10 (1)
WindowsPlatform.EnumerateSdkRootDirs: Found Windows 10 SDK root at C:\Program Files (x86)\Windows Kits\10 (2)
WindowsPlatform.UpdateCachedWindowsSdks: Found Windows 10 SDK version 10.0.18362.0 at C:\Program Files (x86)\Windows Kits\10
WindowsPlatform.UpdateCachedWindowsSdks: Found Universal CRT version 10.0.18362.0 at C:\Program Files (x86)\Windows Kits\10
DynamicCompilation.RequiresCompilation: Compiling D:\Anton Library\Documents\GitHub\Pelimoottoriohjelmointi\BatterycollectTuto\Intermediate\Build\BuildRules\BatterycollectTutoModuleRules.dll: D:\Anton Library\Documents\GitHub\Pelimoottoriohjelmointi\BatterycollectTuto\Source\BatterycollectTuto\BatterycollectTuto.Build.cs is newer
DynamicCompilation.CompileAssembly: While compiling D:\Anton Library\Documents\GitHub\Pelimoottoriohjelmointi\BatterycollectTuto\Intermediate\Build\BuildRules\BatterycollectTutoModuleRules.dll:
DynamicCompilation.CompileAssembly: d:\Anton Library\Documents\GitHub\Pelimoottoriohjelmointi\BatterycollectTuto\Source\BatterycollectTuto\BatterycollectTuto.Build.cs(13,3) : error CS0103: The name 'PrivateDepencyModuleNames' does not exist in the current context
UnrealBuildTool.Main: ERROR: Unable to compile source files.
UnrealBuildTool.Main: BuildException: Unable to compile source files.
UnrealBuildTool.Main:    at UnrealBuildTool.DynamicCompilation.CompileAssembly(FileReference OutputAssemblyPath, HashSet`1 SourceFileNames, List`1 ReferencedAssembies, List`1 PreprocessorDefines, Boolean TreatWarningsAsErrors) in D:\Build\++UE4\Sync\Engine\Saved\CsTools\Engine\Source\Programs\UnrealBuildTool\System\DynamicCompilation.cs:line 375
UnrealBuildTool.Main:    at UnrealBuildTool.DynamicCompilation.CompileAndLoadAssembly(FileReference OutputAssemblyPath, HashSet`1 SourceFileNames, List`1 ReferencedAssembies, List`1 PreprocessorDefines, Boolean DoNotCompile, Boolean TreatWarningsAsErrors) in D:\Build\++UE4\Sync\Engine\Saved\CsTools\Engine\Source\Programs\UnrealBuildTool\System\DynamicCompilation.cs:line 442
UnrealBuildTool.Main:    at UnrealBuildTool.RulesAssembly..ctor(RulesScope Scope, DirectoryReference BaseDir, IReadOnlyList`1 Plugins, Dictionary`2 ModuleFileToContext, List`1 TargetFiles, FileReference AssemblyFileName, Boolean bContainsEngineModules, Nullable`1 DefaultBuildSettings, Boolean bReadOnly, Boolean bSkipCompile, RulesAssembly Parent) in D:\Build\++UE4\Sync\Engine\Saved\CsTools\Engine\Source\Programs\UnrealBuildTool\System\RulesAssembly.cs:line 115
UnrealBuildTool.Main:    at UnrealBuildTool.RulesCompiler.CreateProjectRulesAssembly(FileReference ProjectFileName, Boolean bUsePrecompiled, Boolean bSkipCompile) in D:\Build\++UE4\Sync\Engine\Saved\CsTools\Engine\Source\Programs\UnrealBuildTool\System\RulesCompiler.cs:line 592
UnrealBuildTool.Main:    at UnrealBuildTool.ProjectFileGenerator.AddProjectsForAllTargets(PlatformProjectGeneratorCollection PlatformProjectGenerators, List`1 AllGames, List`1 AllTargetFiles, ProjectFile& EngineProject, ProjectFile& EnterpriseProject, List`1& GameProjects, Dictionary`2& ProgramProjects) in D:\Build\++UE4\Sync\Engine\Saved\CsTools\Engine\Source\Programs\UnrealBuildTool\ProjectFiles\ProjectFileGenerator.cs:line 2219
UnrealBuildTool.Main:    at UnrealBuildTool.ProjectFileGenerator.GenerateProjectFiles(PlatformProjectGeneratorCollection PlatformProjectGenerators, String[] Arguments) in D:\Build\++UE4\Sync\Engine\Saved\CsTools\Engine\Source\Programs\UnrealBuildTool\ProjectFiles\ProjectFileGenerator.cs:line 720
UnrealBuildTool.Main:    at UnrealBuildTool.GenerateProjectFilesMode.Execute(CommandLineArguments Arguments) in D:\Build\++UE4\Sync\Engine\Saved\CsTools\Engine\Source\Programs\UnrealBuildTool\Modes\GenerateProjectFilesMode.cs:line 176
UnrealBuildTool.Main:    at UnrealBuildTool.UnrealBuildTool.Main(String[] ArgumentsArray) in D:\Build\++UE4\Sync\Engine\Saved\CsTools\Engine\Source\Programs\UnrealBuildTool\UnrealBuildTool.cs:line 517
Timeline.Print: Timeline:
Timeline.Print: 
Timeline.Print: [ 0.000]
Timeline.Print: [ 0.000](+0.028) <unknown>
Timeline.Print: [ 0.028](+0.062) XmlConfig.ReadConfigFiles()
Timeline.Print: [ 0.090](+0.000) SingleInstanceMutex.Acquire()
Timeline.Print: [ 0.091](+0.058) UEBuildPlatform.RegisterPlatforms()
Timeline.Print:   0.091          [ 0.000](+0.029) Initializing InstalledPlatformInfo
Timeline.Print:   0.121          [ 0.030](+0.000) Querying types
Timeline.Print:   0.122          [ 0.031](+0.001) MacPlatformFactory
Timeline.Print:   0.124          [ 0.033](+0.000) TVOSPlatformFactory
Timeline.Print:   0.124          [ 0.033](+0.008) AndroidPlatformFactory
Timeline.Print:   0.133          [ 0.042](+0.000) HoloLensPlatformFactory
Timeline.Print:   0.133          [ 0.042](+0.011) IOSPlatformFactory
Timeline.Print:   0.145          [ 0.054](+0.002) LinuxPlatformFactory
Timeline.Print:   0.147          [ 0.056](+0.000) LuminPlatformFactory
Timeline.Print:   0.147          [ 0.056](+0.001) WindowsPlatformFactory
Timeline.Print: [ 0.149](+0.256) <unknown>
Timeline.Print: [ 0.405](+0.001) Finding engine modules
Timeline.Print: [ 0.406](+0.002) Finding plugin modules
Timeline.Print: [ 0.409](+0.039) <unknown>
Timeline.Print: [ 0.449](+0.000) Finding program modules
Timeline.Print: [ 0.449](+0.000) Finding program targets
Timeline.Print: [ 0.449](+0.093) <unknown>
Timeline.Print: [ 0.543](+0.060) Compiling rules assembly (BatterycollectTutoModuleRules.dll)
Timeline.Print: [ 0.613](+0.000) FileMetadataPrefetch.Stop()
Timeline.Print: [ 0.616]
